{"uuid":"dacb78fb-2cfa-4406-a0a8-f9b7b328e2a9","historyId":"d672b0c147c6b4067557d2f6c58c8c7c","fullName":"crossBrowserTest.HepsiBuradaTest.HepsiburadaTest","labels":[{"name":"package","value":"crossBrowserTest.HepsiBuradaTest"},{"name":"testClass","value":"crossBrowserTest.HepsiBuradaTest"},{"name":"testMethod","value":"HepsiburadaTest"},{"name":"parentSuite","value":"Suite"},{"name":"suite","value":"EdgeTest"},{"name":"subSuite","value":"crossBrowserTest.HepsiBuradaTest"},{"name":"host","value":"hayatbirokul"},{"name":"thread","value":"8480@hayatbirokul.TestNG-tests-1(16)"},{"name":"framework","value":"testng"},{"name":"language","value":"java"},{"name":"story","value":"Hepsiburada Test Senaryosu"}],"links":[],"name":"Urun Secimi ve Dogrulama Islemleri","status":"failed","statusDetails":{"known":false,"muted":false,"flaky":false,"message":"expected [true] but found [false]","trace":"java.lang.AssertionError: expected [true] but found [false]\r\n\tat org.testng.Assert.fail(Assert.java:110)\r\n\tat org.testng.Assert.failNotEquals(Assert.java:1413)\r\n\tat org.testng.Assert.assertTrue(Assert.java:56)\r\n\tat org.testng.Assert.assertTrue(Assert.java:66)\r\n\tat crossBrowserTest.WebLocates.sepete_uruneklenmesi_dogrulamasi(WebLocates.java:146)\r\n\tat crossBrowserTest.HepsiBuradaTest.HepsiburadaTest(HepsiBuradaTest.java:21)\r\n\tat java.base/jdk.internal.reflect.NativeMethodAccessorImpl.invoke0(Native Method)\r\n\tat java.base/jdk.internal.reflect.NativeMethodAccessorImpl.invoke(NativeMethodAccessorImpl.java:77)\r\n\tat java.base/jdk.internal.reflect.DelegatingMethodAccessorImpl.invoke(DelegatingMethodAccessorImpl.java:43)\r\n\tat java.base/java.lang.reflect.Method.invoke(Method.java:568)\r\n\tat org.testng.internal.invokers.MethodInvocationHelper.invokeMethod(MethodInvocationHelper.java:139)\r\n\tat org.testng.internal.invokers.TestInvoker.invokeMethod(TestInvoker.java:677)\r\n\tat org.testng.internal.invokers.TestInvoker.invokeTestMethod(TestInvoker.java:221)\r\n\tat org.testng.internal.invokers.MethodRunner.runInSequence(MethodRunner.java:50)\r\n\tat org.testng.internal.invokers.TestInvoker$MethodInvocationAgent.invoke(TestInvoker.java:962)\r\n\tat org.testng.internal.invokers.TestInvoker.invokeTestMethods(TestInvoker.java:194)\r\n\tat org.testng.internal.invokers.TestMethodWorker.invokeTestMethods(TestMethodWorker.java:148)\r\n\tat org.testng.internal.invokers.TestMethodWorker.run(TestMethodWorker.java:128)\r\n\tat java.base/java.util.ArrayList.forEach(ArrayList.java:1511)\r\n\tat org.testng.TestRunner.privateRun(TestRunner.java:806)\r\n\tat org.testng.TestRunner.run(TestRunner.java:601)\r\n\tat org.testng.SuiteRunner.runTest(SuiteRunner.java:433)\r\n\tat org.testng.SuiteRunner$SuiteWorker.run(SuiteRunner.java:471)\r\n\tat org.testng.internal.thread.ThreadUtil.lambda$execute$0(ThreadUtil.java:58)\r\n\tat java.base/java.util.concurrent.FutureTask.run(FutureTask.java:264)\r\n\tat java.base/java.util.concurrent.ThreadPoolExecutor.runWorker(ThreadPoolExecutor.java:1136)\r\n\tat java.base/java.util.concurrent.ThreadPoolExecutor$Worker.run(ThreadPoolExecutor.java:635)\r\n\tat java.base/java.lang.Thread.run(Thread.java:833)\r\n"},"stage":"finished","steps":[{"name":"Hepsiburada Sayfasi Acilir","status":"passed","stage":"finished","steps":[],"attachments":[],"parameters":[{"name":"sayfaAdi","value":"Hepsiburada"}],"start":1668071745759,"stop":1668071753481},{"name":"Sayfanin Acildigi Dogrulanir","status":"passed","stage":"finished","steps":[],"attachments":[],"parameters":[],"start":1668071753482,"stop":1668071753585},{"name":"Urun Sayfasindaki Menuden Elektronik KAtegorisinden Bilgisayar/Tablet Altkategorsindeki Elektronik Urun Secilir","status":"passed","stage":"finished","steps":[],"attachments":[],"parameters":[{"name":"Katergori","value":"Elektronik"},{"name":"AltKategori","value":"Bilgisayar/Tablet"},{"name":"Urun","value":"Notebook"}],"start":1668071753585,"stop":1668071766658},{"name":"Urun Sayfasindan Notebook Secildigi Dogrulanir","status":"passed","stage":"finished","steps":[],"attachments":[],"parameters":[{"name":"urunAdi","value":"Notebook"}],"start":1668071766658,"stop":1668071767173},{"name":"Marka Filitrelemesi Apple Secilerek Yapilir ","status":"passed","stage":"finished","steps":[],"attachments":[],"parameters":[{"name":"Marka","value":"Apple"}],"start":1668071767174,"stop":1668071778188},{"name":"Siralama Menusunden Çok satanlar Secilir","status":"passed","stage":"finished","steps":[],"attachments":[],"parameters":[{"name":"SiralamaSekli","value":"Çok satanlar"}],"start":1668071778188,"stop":1668071779985},{"name":"Urun Sayfasinda 2. Urun Sepete Eklenir ","status":"passed","stage":"finished","steps":[],"attachments":[],"parameters":[{"name":"UrunSirasi","value":"2"}],"start":1668071779985,"stop":1668071787820},{"name":"Sepete Eklenen Urunun Dogrulamasi Yapilir","status":"failed","statusDetails":{"known":false,"muted":false,"flaky":false,"message":"expected [true] but found [false]","trace":"java.lang.AssertionError: expected [true] but found [false]\r\n\tat org.testng.Assert.fail(Assert.java:110)\r\n\tat org.testng.Assert.failNotEquals(Assert.java:1413)\r\n\tat org.testng.Assert.assertTrue(Assert.java:56)\r\n\tat org.testng.Assert.assertTrue(Assert.java:66)\r\n\tat crossBrowserTest.WebLocates.sepete_uruneklenmesi_dogrulamasi(WebLocates.java:146)\r\n\tat crossBrowserTest.HepsiBuradaTest.HepsiburadaTest(HepsiBuradaTest.java:21)\r\n\tat java.base/jdk.internal.reflect.NativeMethodAccessorImpl.invoke0(Native Method)\r\n\tat java.base/jdk.internal.reflect.NativeMethodAccessorImpl.invoke(NativeMethodAccessorImpl.java:77)\r\n\tat java.base/jdk.internal.reflect.DelegatingMethodAccessorImpl.invoke(DelegatingMethodAccessorImpl.java:43)\r\n\tat java.base/java.lang.reflect.Method.invoke(Method.java:568)\r\n\tat org.testng.internal.invokers.MethodInvocationHelper.invokeMethod(MethodInvocationHelper.java:139)\r\n\tat org.testng.internal.invokers.TestInvoker.invokeMethod(TestInvoker.java:677)\r\n\tat org.testng.internal.invokers.TestInvoker.invokeTestMethod(TestInvoker.java:221)\r\n\tat org.testng.internal.invokers.MethodRunner.runInSequence(MethodRunner.java:50)\r\n\tat org.testng.internal.invokers.TestInvoker$MethodInvocationAgent.invoke(TestInvoker.java:962)\r\n\tat org.testng.internal.invokers.TestInvoker.invokeTestMethods(TestInvoker.java:194)\r\n\tat org.testng.internal.invokers.TestMethodWorker.invokeTestMethods(TestMethodWorker.java:148)\r\n\tat org.testng.internal.invokers.TestMethodWorker.run(TestMethodWorker.java:128)\r\n\tat java.base/java.util.ArrayList.forEach(ArrayList.java:1511)\r\n\tat org.testng.TestRunner.privateRun(TestRunner.java:806)\r\n\tat org.testng.TestRunner.run(TestRunner.java:601)\r\n\tat org.testng.SuiteRunner.runTest(SuiteRunner.java:433)\r\n\tat org.testng.SuiteRunner$SuiteWorker.run(SuiteRunner.java:471)\r\n\tat org.testng.internal.thread.ThreadUtil.lambda$execute$0(ThreadUtil.java:58)\r\n\tat java.base/java.util.concurrent.FutureTask.run(FutureTask.java:264)\r\n\tat java.base/java.util.concurrent.ThreadPoolExecutor.runWorker(ThreadPoolExecutor.java:1136)\r\n\tat java.base/java.util.concurrent.ThreadPoolExecutor$Worker.run(ThreadPoolExecutor.java:635)\r\n\tat java.base/java.lang.Thread.run(Thread.java:833)\r\n"},"stage":"finished","steps":[],"attachments":[],"parameters":[],"start":1668071787820,"stop":1668071789722}],"attachments":[],"parameters":[{"name":"browser","value":"edge"}],"start":1668071745758,"stop":1668071789723}